{
  "RSpec": {
    "coverage": {
      "/Users/brunoparma/Desktop/SocialNetowork/SocialNetwork/spec/request/api/v1/users/create_spec.rb": [
        null,
        null,
        1,
        null,
        1,
        2,
        4,
        null,
        1,
        8,
        6,
        6,
        10,
        null,
        1,
        null,
        9,
        null,
        null,
        null,
        null,
        null,
        null,
        null,
        null,
        1,
        1,
        null,
        1,
        null,
        null,
        1,
        1,
        1,
        null,
        null,
        null,
        1,
        1,
        null,
        1,
        1,
        1,
        1,
        null,
        null,
        1,
        3,
        null,
        1,
        1,
        1,
        2,
        null,
        null,
        1,
        1,
        null,
        1,
        null,
        null,
        null,
        1,
        3,
        3,
        2,
        null,
        1,
        1,
        null,
        1,
        null,
        null,
        1,
        1,
        null,
        1,
        null,
        null,
        null,
        1,
        3,
        3,
        2,
        null,
        1,
        1,
        null,
        1,
        null,
        null,
        1,
        1,
        null,
        1,
        null,
        null,
        null,
        null
      ],
      "/Users/brunoparma/Desktop/SocialNetowork/SocialNetwork/app/controllers/api/v1/registrations_controller.rb": [
        null,
        null,
        1,
        1,
        1,
        1,
        1,
        null,
        1,
        27,
        null,
        null,
        null,
        1,
        3,
        null,
        null,
        null,
        null
      ],
      "/Users/brunoparma/Desktop/SocialNetowork/SocialNetwork/app/controllers/application_controller.rb": [
        null,
        null,
        1,
        1,
        null
      ],
      "/Users/brunoparma/Desktop/SocialNetowork/SocialNetwork/app/controllers/api/concerns/act_as_api_request.rb": [
        null,
        null,
        1,
        1,
        null,
        1,
        1,
        null,
        1,
        1,
        1,
        1,
        null,
        null,
        1,
        9,
        null,
        0,
        null,
        null,
        1,
        9,
        null,
        null,
        1,
        null,
        0,
        null,
        0,
        null,
        null,
        null,
        null
      ]
    },
    "timestamp": 1624541712
  }
}
